[0.016s] Invoking command in '/home/arka/aqua_sentinel/ros2_ws/build/pipe_sensor_bridge': CMAKE_PREFIX_PATH=${CMAKE_PREFIX_PATH}:/opt/ros/humble /usr/bin/cmake --build /home/arka/aqua_sentinel/ros2_ws/build/pipe_sensor_bridge -- -j8 -l8
[0.065s] [ 50%] Built target init_config_publisher
[0.072s] [ 75%] [32mBuilding CXX object CMakeFiles/mqtt_subscriber_bridge.dir/src/mqtt_subscriber.cpp.o[0m
[2.619s] [01m[K/home/arka/aqua_sentinel/ros2_ws/src/pipe_sensor_bridge/src/mqtt_subscriber.cpp:[m[K In function â€˜[01m[Kvoid initialize_esp_log_files()[m[Kâ€™:
[2.619s] [01m[K/home/arka/aqua_sentinel/ros2_ws/src/pipe_sensor_bridge/src/mqtt_subscriber.cpp:124:30:[m[K [01;31m[Kerror: [m[Kâ€˜[01m[Kstd::map<int, std::basic_ofstream<char> >::mapped_type[m[Kâ€™ {aka â€˜[01m[Kclass std::basic_ofstream<char>[m[Kâ€™} has no member named â€˜[01m[Kget[m[Kâ€™
[2.619s]   124 |             esp_log_files[i].[01;31m[Kget[m[K(last_char);
[2.619s]       |                              [01;31m[K^~~[m[K
[6.065s] gmake[2]: *** [CMakeFiles/mqtt_subscriber_bridge.dir/build.make:76: CMakeFiles/mqtt_subscriber_bridge.dir/src/mqtt_subscriber.cpp.o] Error 1
[6.065s] gmake[1]: *** [CMakeFiles/Makefile2:165: CMakeFiles/mqtt_subscriber_bridge.dir/all] Error 2
[6.065s] gmake: *** [Makefile:146: all] Error 2
[6.067s] Invoked command in '/home/arka/aqua_sentinel/ros2_ws/build/pipe_sensor_bridge' returned '2': CMAKE_PREFIX_PATH=${CMAKE_PREFIX_PATH}:/opt/ros/humble /usr/bin/cmake --build /home/arka/aqua_sentinel/ros2_ws/build/pipe_sensor_bridge -- -j8 -l8
