[01m[K/home/arka/aqua_sentinel/ros2_ws/src/pipe_sensor_bridge/src/init_config_publisher.cpp:167:5:[m[K [01;31m[Kerror: [m[Kredefinition of â€˜[01m[Kint main(int, char**)[m[Kâ€™
  167 | int [01;31m[Kmain[m[K(int argc, char** argv) {
      |     [01;31m[K^~~~[m[K
[01m[K/home/arka/aqua_sentinel/ros2_ws/src/pipe_sensor_bridge/src/init_config_publisher.cpp:3:5:[m[K [01;36m[Knote: [m[Kâ€˜[01m[Kint main(int, char**)[m[Kâ€™ previously defined here
    3 | int [01;36m[Kmain[m[K(int argc, char ** argv)
      |     [01;36m[K^~~~[m[K
gmake[2]: *** [CMakeFiles/init_config_publisher.dir/build.make:76: CMakeFiles/init_config_publisher.dir/src/init_config_publisher.cpp.o] Error 1
gmake[1]: *** [CMakeFiles/Makefile2:139: CMakeFiles/init_config_publisher.dir/all] Error 2
gmake[1]: *** Waiting for unfinished jobs....
gmake: *** [Makefile:146: all] Error 2
