[0.014s] Invoking command in '/home/arka/aqua_sentinel/ros2_ws/build/pipe_sensor_bridge': CMAKE_PREFIX_PATH=${CMAKE_PREFIX_PATH}:/opt/ros/humble /usr/bin/cmake --build /home/arka/aqua_sentinel/ros2_ws/build/pipe_sensor_bridge -- -j8 -l8
[0.054s] [ 50%] Built target init_config_publisher
[0.061s] [ 75%] [32mBuilding CXX object CMakeFiles/mqtt_subscriber_bridge.dir/src/mqtt_subscriber.cpp.o[0m
[3.359s] [01m[K/home/arka/aqua_sentinel/ros2_ws/src/pipe_sensor_bridge/src/mqtt_subscriber.cpp:400:10:[m[K [01;31m[Kerror: [m[Kextra qualification â€˜[01m[KROSMQTTBridge::[m[Kâ€™ on member â€˜[01m[KvalveControlCallback[m[Kâ€™ [[01;31m[K]8;;https://gcc.gnu.org/onlinedocs/gcc/Warning-Options.html#index-fpermissive-fpermissive]8;;[m[K]
[3.359s]   400 |     void [01;31m[KROSMQTTBridge[m[K::valveControlCallback(const std_msgs::msg::String::SharedPtr msg) {
[3.359s]       |          [01;31m[K^~~~~~~~~~~~~[m[K
[7.453s] gmake[2]: *** [CMakeFiles/mqtt_subscriber_bridge.dir/build.make:76: CMakeFiles/mqtt_subscriber_bridge.dir/src/mqtt_subscriber.cpp.o] Error 1
[7.453s] gmake[1]: *** [CMakeFiles/Makefile2:165: CMakeFiles/mqtt_subscriber_bridge.dir/all] Error 2
[7.454s] gmake: *** [Makefile:146: all] Error 2
[7.456s] Invoked command in '/home/arka/aqua_sentinel/ros2_ws/build/pipe_sensor_bridge' returned '2': CMAKE_PREFIX_PATH=${CMAKE_PREFIX_PATH}:/opt/ros/humble /usr/bin/cmake --build /home/arka/aqua_sentinel/ros2_ws/build/pipe_sensor_bridge -- -j8 -l8
